<?xml version="1.0" encoding="UTF-8" ?>
<testsuite errors="0" failures="0" hostname="daniel" name="tests.DataPointTest" skipped="0" tests="4" time="0.102" timestamp="2014-08-18T07:59:29">
  <properties>
    <property name="ant.project.invoked-targets" value="main" />
    <property name="java.runtime.name" value="Java(TM) SE Runtime Environment" />
    <property name="sun.boot.library.path" value="/usr/lib/jvm/java-8-oracle/jre/lib/amd64" />
    <property name="java.vm.version" value="25.11-b03" />
    <property name="ant.library.dir" value="/opt/eclipse/plugins/org.apache.ant_1.9.2.v201404171502/lib" />
    <property name="ant.version" value="Apache Ant(TM) version 1.9.2 compiled on July 8 2013" />
    <property name="ant.java.version" value="1.8" />
    <property name="java.vm.vendor" value="Oracle Corporation" />
    <property name="java.vendor.url" value="http://java.oracle.com/" />
    <property name="path.separator" value=":" />
    <property name="java.vm.name" value="Java HotSpot(TM) 64-Bit Server VM" />
    <property name="file.encoding.pkg" value="sun.io" />
    <property name="user.country" value="NZ" />
    <property name="sun.java.launcher" value="SUN_STANDARD" />
    <property name="sun.os.patch.level" value="unknown" />
    <property name="java.vm.specification.name" value="Java Virtual Machine Specification" />
    <property name="user.dir" value="/home/daniel/git/seng202_2014_team5/SENG202" />
    <property name="java.runtime.version" value="1.8.0_11-b12" />
    <property name="java.awt.graphicsenv" value="sun.awt.X11GraphicsEnvironment" />
    <property name="eclipse.pdebuild.scripts" value="/opt/eclipse/plugins/org.eclipse.pde.build_3.9.0.v20140415-2029/scripts//" />
    <property name="basedir" value="/home/daniel/git/seng202_2014_team5/SENG202" />
    <property name="java.endorsed.dirs" value="/usr/lib/jvm/java-8-oracle/jre/lib/endorsed" />
    <property name="os.arch" value="amd64" />
    <property name="ant.project.default-target" value="main" />
    <property name="java.io.tmpdir" value="/tmp" />
    <property name="ant.core.lib" value="/opt/eclipse/plugins/org.apache.ant_1.9.2.v201404171502/lib/ant.jar" />
    <property name="line.separator" value="&#xa;" />
    <property name="java.vm.specification.vendor" value="Oracle Corporation" />
    <property name="os.name" value="Linux" />
    <property name="ant.home" value="/opt/eclipse/plugins/org.apache.ant_1.9.2.v201404171502" />
    <property name="eclipse.pdebuild.templates" value="/opt/eclipse/plugins/org.eclipse.pde.build_3.9.0.v20140415-2029/templates//" />
    <property name="build.dir" value="/home/daniel/git/seng202_2014_team5/SENG202/bin" />
    <property name="ant.project.name" value="Ant-Test" />
    <property name="sun.jnu.encoding" value="UTF-8" />
    <property name="java.library.path" value="/usr/java/packages/lib/amd64:/usr/lib64:/lib64:/lib:/usr/lib" />
    <property name="ant.file.Ant-Test" value="/home/daniel/git/seng202_2014_team5/SENG202/build.xml" />
    <property name="eclipse.pdebuild.home" value="/opt/eclipse/plugins/org.eclipse.pde.build_3.9.0.v20140415-2029/.//" />
    <property name="java.class.version" value="52.0" />
    <property name="java.specification.name" value="Java Platform API Specification" />
    <property name="test.report.dir" value="/home/daniel/git/seng202_2014_team5/SENG202/testreport" />
    <property name="lib.dir" value="/home/daniel/git/seng202_2014_team5/SENG202/lib" />
    <property name="sun.management.compiler" value="HotSpot 64-Bit Tiered Compilers" />
    <property name="os.version" value="3.13.0-24-generic" />
    <property name="ant.file" value="/home/daniel/git/seng202_2014_team5/SENG202/build.xml" />
    <property name="user.home" value="/home/daniel" />
    <property name="user.timezone" value="Pacific/Auckland" />
    <property name="java.awt.printerjob" value="sun.print.PSPrinterJob" />
    <property name="java.specification.version" value="1.8" />
    <property name="file.encoding" value="UTF-8" />
    <property name="java.class.path" value="/home/daniel/git/seng202_2014_team5/SENG202/lib/jfxmessagebox-1.1.0.jar:/home/daniel/git/seng202_2014_team5/SENG202/lib/jfxrt.jar:/home/daniel/git/seng202_2014_team5/SENG202/lib/junit.jar:/home/daniel/git/seng202_2014_team5/SENG202/bin:/opt/eclipse/plugins/org.apache.ant_1.9.2.v201404171502/lib/ant-launcher.jar:/opt/eclipse/plugins/org.apache.ant_1.9.2.v201404171502/lib/ant.jar:/opt/eclipse/plugins/org.apache.ant_1.9.2.v201404171502/lib/ant-junit.jar:/opt/eclipse/plugins/org.apache.ant_1.9.2.v201404171502/lib/ant-junit4.jar" />
    <property name="user.name" value="daniel" />
    <property name="java.vm.specification.version" value="1.8" />
    <property name="sun.java.command" value="org.apache.tools.ant.taskdefs.optional.junit.JUnitTestRunner tests.DataPointTest filtertrace=true haltOnError=false haltOnFailure=true formatter=org.apache.tools.ant.taskdefs.optional.junit.SummaryJUnitResultFormatter showoutput=false outputtoformatters=true logfailedtests=true logtestlistenerevents=false formatter=org.apache.tools.ant.taskdefs.optional.junit.XMLJUnitResultFormatter,/home/daniel/git/seng202_2014_team5/SENG202/testreport/TEST-tests.DataPointTest.xml crashfile=/home/daniel/git/seng202_2014_team5/SENG202/junitvmwatcher1924661084331743933.properties propsfile=/home/daniel/git/seng202_2014_team5/SENG202/junit3431186091950532226.properties" />
    <property name="sun.arch.data.model" value="64" />
    <property name="java.home" value="/usr/lib/jvm/java-8-oracle/jre" />
    <property name="java.specification.vendor" value="Oracle Corporation" />
    <property name="user.language" value="en" />
    <property name="awt.toolkit" value="sun.awt.X11.XToolkit" />
    <property name="test.dir" value="/home/daniel/git/seng202_2014_team5/SENG202/src" />
    <property name="java.vm.info" value="mixed mode" />
    <property name="java.version" value="1.8.0_11" />
    <property name="java.ext.dirs" value="/usr/lib/jvm/java-8-oracle/jre/lib/ext:/usr/java/packages/lib/ext" />
    <property name="sun.boot.class.path" value="/usr/lib/jvm/java-8-oracle/jre/lib/resources.jar:/usr/lib/jvm/java-8-oracle/jre/lib/rt.jar:/usr/lib/jvm/java-8-oracle/jre/lib/sunrsasign.jar:/usr/lib/jvm/java-8-oracle/jre/lib/jsse.jar:/usr/lib/jvm/java-8-oracle/jre/lib/jce.jar:/usr/lib/jvm/java-8-oracle/jre/lib/charsets.jar:/usr/lib/jvm/java-8-oracle/jre/lib/jfr.jar:/usr/lib/jvm/java-8-oracle/jre/classes" />
    <property name="java.vendor" value="Oracle Corporation" />
    <property name="file.separator" value="/" />
    <property name="src.dir" value="/home/daniel/git/seng202_2014_team5/SENG202/src" />
    <property name="java.vendor.url.bug" value="http://bugreport.sun.com/bugreport/" />
    <property name="sun.cpu.endian" value="little" />
    <property name="sun.io.unicode.encoding" value="UnicodeLittle" />
    <property name="ant.file.type.Ant-Test" value="file" />
    <property name="sun.cpu.isalist" value="" />
  </properties>
  <testcase classname="tests.DataPointTest" name="testcalculateDistance" time="0.013" />
  <testcase classname="tests.DataPointTest" name="testcalculateSpeed" time="0.005" />
  <testcase classname="tests.DataPointTest" name="testDateString" time="0.002" />
  <testcase classname="tests.DataPointTest" name="testTimeString" time="0.001" />
  <system-out><![CDATA[10/06/2005
]]></system-out>
  <system-err><![CDATA[]]></system-err>
</testsuite>
